Analysis & Synthesis report for FPGA
Thu Dec  4 16:43:22 2025
Quartus Prime Version 22.1std.0 Build 915 10/25/2022 SC Lite Edition


---------------------
; Table of Contents ;
---------------------
  1. Legal Notice
  2. Analysis & Synthesis Summary
  3. Analysis & Synthesis Settings
  4. Parallel Compilation
  5. Analysis & Synthesis Source Files Read
  6. Analysis & Synthesis Resource Usage Summary
  7. Analysis & Synthesis Resource Utilization by Entity
  8. State Machine - |FPGA|pkt_state
  9. State Machine - |FPGA|uart_rx_simple:u_rx|r_SM_Main
 10. Registers Removed During Synthesis
 11. General Register Statistics
 12. Inverted Register Statistics
 13. Multiplexer Restructuring Statistics (Restructuring Performed)
 14. Parameter Settings for User Entity Instance: uart_rx_simple:u_rx
 15. Post-Synthesis Netlist Statistics for Top Partition
 16. Elapsed Time Per Partition
 17. Analysis & Synthesis Messages



----------------
; Legal Notice ;
----------------
Copyright (C) 2022  Intel Corporation. All rights reserved.
Your use of Intel Corporation's design tools, logic functions 
and other software and tools, and any partner logic 
functions, and any output files from any of the foregoing 
(including device programming or simulation files), and any 
associated documentation or information are expressly subject 
to the terms and conditions of the Intel Program License 
Subscription Agreement, the Intel Quartus Prime License Agreement,
the Intel FPGA IP License Agreement, or other applicable license
agreement, including, without limitation, that your use is for
the sole purpose of programming logic devices manufactured by
Intel and sold by Intel or its authorized distributors.  Please
refer to the applicable agreement for further details, at
https://fpgasoftware.intel.com/eula.



+-------------------------------------------------------------------------------------+
; Analysis & Synthesis Summary                                                        ;
+------------------------------------+------------------------------------------------+
; Analysis & Synthesis Status        ; Successful - Thu Dec  4 16:43:22 2025          ;
; Quartus Prime Version              ; 22.1std.0 Build 915 10/25/2022 SC Lite Edition ;
; Revision Name                      ; FPGA                                           ;
; Top-level Entity Name              ; FPGA                                           ;
; Family                             ; MAX 10                                         ;
; Total logic elements               ; 401                                            ;
;     Total combinational functions  ; 303                                            ;
;     Dedicated logic registers      ; 192                                            ;
; Total registers                    ; 192                                            ;
; Total pins                         ; 26                                             ;
; Total virtual pins                 ; 0                                              ;
; Total memory bits                  ; 0                                              ;
; Embedded Multiplier 9-bit elements ; 0                                              ;
; Total PLLs                         ; 0                                              ;
; UFM blocks                         ; 0                                              ;
; ADC blocks                         ; 0                                              ;
+------------------------------------+------------------------------------------------+


+------------------------------------------------------------------------------------------------------------+
; Analysis & Synthesis Settings                                                                              ;
+------------------------------------------------------------------+--------------------+--------------------+
; Option                                                           ; Setting            ; Default Value      ;
+------------------------------------------------------------------+--------------------+--------------------+
; Device                                                           ; 10M50DAF484C7G     ;                    ;
; Top-level entity name                                            ; FPGA               ; FPGA               ;
; Family name                                                      ; MAX 10             ; Cyclone V          ;
; Use smart compilation                                            ; Off                ; Off                ;
; Enable parallel Assembler and Timing Analyzer during compilation ; On                 ; On                 ;
; Enable compact report table                                      ; Off                ; Off                ;
; Restructure Multiplexers                                         ; Auto               ; Auto               ;
; Create Debugging Nodes for IP Cores                              ; Off                ; Off                ;
; Preserve fewer node names                                        ; On                 ; On                 ;
; Intel FPGA IP Evaluation Mode                                    ; Enable             ; Enable             ;
; Verilog Version                                                  ; Verilog_2001       ; Verilog_2001       ;
; VHDL Version                                                     ; VHDL_1993          ; VHDL_1993          ;
; State Machine Processing                                         ; Auto               ; Auto               ;
; Safe State Machine                                               ; Off                ; Off                ;
; Extract Verilog State Machines                                   ; On                 ; On                 ;
; Extract VHDL State Machines                                      ; On                 ; On                 ;
; Ignore Verilog initial constructs                                ; Off                ; Off                ;
; Iteration limit for constant Verilog loops                       ; 5000               ; 5000               ;
; Iteration limit for non-constant Verilog loops                   ; 250                ; 250                ;
; Add Pass-Through Logic to Inferred RAMs                          ; On                 ; On                 ;
; Infer RAMs from Raw Logic                                        ; On                 ; On                 ;
; Parallel Synthesis                                               ; On                 ; On                 ;
; DSP Block Balancing                                              ; Auto               ; Auto               ;
; NOT Gate Push-Back                                               ; On                 ; On                 ;
; Power-Up Don't Care                                              ; On                 ; On                 ;
; Remove Redundant Logic Cells                                     ; Off                ; Off                ;
; Remove Duplicate Registers                                       ; On                 ; On                 ;
; Ignore CARRY Buffers                                             ; Off                ; Off                ;
; Ignore CASCADE Buffers                                           ; Off                ; Off                ;
; Ignore GLOBAL Buffers                                            ; Off                ; Off                ;
; Ignore ROW GLOBAL Buffers                                        ; Off                ; Off                ;
; Ignore LCELL Buffers                                             ; Off                ; Off                ;
; Ignore SOFT Buffers                                              ; On                 ; On                 ;
; Limit AHDL Integers to 32 Bits                                   ; Off                ; Off                ;
; Optimization Technique                                           ; Balanced           ; Balanced           ;
; Carry Chain Length                                               ; 70                 ; 70                 ;
; Auto Carry Chains                                                ; On                 ; On                 ;
; Auto Open-Drain Pins                                             ; On                 ; On                 ;
; Perform WYSIWYG Primitive Resynthesis                            ; Off                ; Off                ;
; Auto ROM Replacement                                             ; On                 ; On                 ;
; Auto RAM Replacement                                             ; On                 ; On                 ;
; Auto DSP Block Replacement                                       ; On                 ; On                 ;
; Auto Shift Register Replacement                                  ; Auto               ; Auto               ;
; Allow Shift Register Merging across Hierarchies                  ; Auto               ; Auto               ;
; Auto Clock Enable Replacement                                    ; On                 ; On                 ;
; Strict RAM Replacement                                           ; Off                ; Off                ;
; Allow Synchronous Control Signals                                ; On                 ; On                 ;
; Force Use of Synchronous Clear Signals                           ; Off                ; Off                ;
; Auto RAM Block Balancing                                         ; On                 ; On                 ;
; Auto RAM to Logic Cell Conversion                                ; Off                ; Off                ;
; Auto Resource Sharing                                            ; Off                ; Off                ;
; Allow Any RAM Size For Recognition                               ; Off                ; Off                ;
; Allow Any ROM Size For Recognition                               ; Off                ; Off                ;
; Allow Any Shift Register Size For Recognition                    ; Off                ; Off                ;
; Use LogicLock Constraints during Resource Balancing              ; On                 ; On                 ;
; Ignore translate_off and synthesis_off directives                ; Off                ; Off                ;
; Timing-Driven Synthesis                                          ; On                 ; On                 ;
; Report Parameter Settings                                        ; On                 ; On                 ;
; Report Source Assignments                                        ; On                 ; On                 ;
; Report Connectivity Checks                                       ; On                 ; On                 ;
; Ignore Maximum Fan-Out Assignments                               ; Off                ; Off                ;
; Synchronization Register Chain Length                            ; 2                  ; 2                  ;
; Power Optimization During Synthesis                              ; Normal compilation ; Normal compilation ;
; HDL message level                                                ; Level2             ; Level2             ;
; Suppress Register Optimization Related Messages                  ; Off                ; Off                ;
; Number of Removed Registers Reported in Synthesis Report         ; 5000               ; 5000               ;
; Number of Swept Nodes Reported in Synthesis Report               ; 5000               ; 5000               ;
; Number of Inverted Registers Reported in Synthesis Report        ; 100                ; 100                ;
; Clock MUX Protection                                             ; On                 ; On                 ;
; Auto Gated Clock Conversion                                      ; Off                ; Off                ;
; Block Design Naming                                              ; Auto               ; Auto               ;
; SDC constraint protection                                        ; Off                ; Off                ;
; Synthesis Effort                                                 ; Auto               ; Auto               ;
; Shift Register Replacement - Allow Asynchronous Clear Signal     ; On                 ; On                 ;
; Pre-Mapping Resynthesis Optimization                             ; Off                ; Off                ;
; Analysis & Synthesis Message Level                               ; Medium             ; Medium             ;
; Disable Register Merging Across Hierarchies                      ; Auto               ; Auto               ;
; Resource Aware Inference For Block RAM                           ; On                 ; On                 ;
+------------------------------------------------------------------+--------------------+--------------------+


+------------------------------------------+
; Parallel Compilation                     ;
+----------------------------+-------------+
; Processors                 ; Number      ;
+----------------------------+-------------+
; Number detected on machine ; 8           ;
; Maximum allowed            ; 8           ;
;                            ;             ;
; Average used               ; 1.00        ;
; Maximum used               ; 8           ;
;                            ;             ;
; Usage by Processor         ; % Time Used ;
;     Processor 1            ; 100.0%      ;
;     Processor 2            ;   0.0%      ;
;     Processors 3-8         ;   0.0%      ;
+----------------------------+-------------+


+-------------------------------------------------------------------------------------------------------------------------------------------+
; Analysis & Synthesis Source Files Read                                                                                                    ;
+----------------------------------+-----------------+------------------------+---------------------------------------------------+---------+
; File Name with User-Entered Path ; Used in Netlist ; File Type              ; File Name with Absolute Path                      ; Library ;
+----------------------------------+-----------------+------------------------+---------------------------------------------------+---------+
; FPGA.v                           ; yes             ; User Verilog HDL File  ; C:/Users/leest/Desktop/pong/ESP_COORD/FPGA/FPGA.v ;         ;
+----------------------------------+-----------------+------------------------+---------------------------------------------------+---------+


+-------------------------------------------------------------------+
; Analysis & Synthesis Resource Usage Summary                       ;
+---------------------------------------------+---------------------+
; Resource                                    ; Usage               ;
+---------------------------------------------+---------------------+
; Estimated Total logic elements              ; 401                 ;
;                                             ;                     ;
; Total combinational functions               ; 303                 ;
; Logic element usage by number of LUT inputs ;                     ;
;     -- 4 input functions                    ; 96                  ;
;     -- 3 input functions                    ; 124                 ;
;     -- <=2 input functions                  ; 83                  ;
;                                             ;                     ;
; Logic elements by mode                      ;                     ;
;     -- normal mode                          ; 183                 ;
;     -- arithmetic mode                      ; 120                 ;
;                                             ;                     ;
; Total registers                             ; 192                 ;
;     -- Dedicated logic registers            ; 192                 ;
;     -- I/O registers                        ; 0                   ;
;                                             ;                     ;
; I/O pins                                    ; 26                  ;
;                                             ;                     ;
; Embedded Multiplier 9-bit elements          ; 0                   ;
;                                             ;                     ;
; Maximum fan-out node                        ; MAX10_CLK1_50~input ;
; Maximum fan-out                             ; 160                 ;
; Total fan-out                               ; 1501                ;
; Average fan-out                             ; 2.74                ;
+---------------------------------------------+---------------------+


+--------------------------------------------------------------------------------------------------------------------------------------------------------------------------------------------------------------------------------------------------------------+
; Analysis & Synthesis Resource Utilization by Entity                                                                                                                                                                                                          ;
+---------------------------------+---------------------+---------------------------+-------------+------------+--------------+---------+-----------+------+--------------+------------+----------------------------------+---------------------+--------------+
; Compilation Hierarchy Node      ; Combinational ALUTs ; Dedicated Logic Registers ; Memory Bits ; UFM Blocks ; DSP Elements ; DSP 9x9 ; DSP 18x18 ; Pins ; Virtual Pins ; ADC blocks ; Full Hierarchy Name              ; Entity Name         ; Library Name ;
+---------------------------------+---------------------+---------------------------+-------------+------------+--------------+---------+-----------+------+--------------+------------+----------------------------------+---------------------+--------------+
; |FPGA                           ; 303 (214)           ; 192 (145)                 ; 0           ; 0          ; 0            ; 0       ; 0         ; 26   ; 0            ; 0          ; |FPGA                            ; FPGA                ; work         ;
;    |uart_rx_simple:u_rx|        ; 50 (50)             ; 27 (27)                   ; 0           ; 0          ; 0            ; 0       ; 0         ; 0    ; 0            ; 0          ; |FPGA|uart_rx_simple:u_rx        ; uart_rx_simple      ; work         ;
;    |vga_sync_640x480_60:u_sync| ; 39 (39)             ; 20 (20)                   ; 0           ; 0          ; 0            ; 0       ; 0         ; 0    ; 0            ; 0          ; |FPGA|vga_sync_640x480_60:u_sync ; vga_sync_640x480_60 ; work         ;
+---------------------------------+---------------------+---------------------------+-------------+------------+--------------+---------+-----------+------+--------------+------------+----------------------------------+---------------------+--------------+
Note: For table entries with two numbers listed, the numbers in parentheses indicate the number of resources of the given type used by the specific entity alone. The numbers listed outside of parentheses indicate the total resources of the given type used by the specific entity and all of its sub-entities in the hierarchy.


Encoding Type:  One-Hot
+--------------------------------------------------------------------------+
; State Machine - |FPGA|pkt_state                                          ;
+------------------+------------------+-----------------+------------------+
; Name             ; pkt_state.S_IDLE ; pkt_state.S_END ; pkt_state.S_DATA ;
+------------------+------------------+-----------------+------------------+
; pkt_state.S_IDLE ; 0                ; 0               ; 0                ;
; pkt_state.S_DATA ; 1                ; 0               ; 1                ;
; pkt_state.S_END  ; 1                ; 1               ; 0                ;
+------------------+------------------+-----------------+------------------+


Encoding Type:  One-Hot
+---------------------------------------------------------------------------------------------------------------------------------------------------+
; State Machine - |FPGA|uart_rx_simple:u_rx|r_SM_Main                                                                                               ;
+--------------------------+-------------------------+--------------------------+--------------------------+------------------+---------------------+
; Name                     ; r_SM_Main.s_RX_STOP_BIT ; r_SM_Main.s_RX_DATA_BITS ; r_SM_Main.s_RX_START_BIT ; r_SM_Main.s_IDLE ; r_SM_Main.s_CLEANUP ;
+--------------------------+-------------------------+--------------------------+--------------------------+------------------+---------------------+
; r_SM_Main.s_IDLE         ; 0                       ; 0                        ; 0                        ; 0                ; 0                   ;
; r_SM_Main.s_RX_START_BIT ; 0                       ; 0                        ; 1                        ; 1                ; 0                   ;
; r_SM_Main.s_RX_DATA_BITS ; 0                       ; 1                        ; 0                        ; 1                ; 0                   ;
; r_SM_Main.s_RX_STOP_BIT  ; 1                       ; 0                        ; 0                        ; 1                ; 0                   ;
; r_SM_Main.s_CLEANUP      ; 0                       ; 0                        ; 0                        ; 1                ; 1                   ;
+--------------------------+-------------------------+--------------------------+--------------------------+------------------+---------------------+


+--------------------------------------------------------------------------------+
; Registers Removed During Synthesis                                             ;
+---------------------------------------+----------------------------------------+
; Register name                         ; Reason for Removal                     ;
+---------------------------------------+----------------------------------------+
; p1_y_reg[9]                           ; Stuck at GND due to stuck port data_in ;
; p2_y_reg[9]                           ; Stuck at GND due to stuck port data_in ;
; ball_y_reg[9]                         ; Stuck at GND due to stuck port data_in ;
; uart_rx_simple:u_rx|r_SM_Main~2       ; Lost fanout                            ;
; uart_rx_simple:u_rx|r_SM_Main~3       ; Lost fanout                            ;
; Total Number of Removed Registers = 5 ;                                        ;
+---------------------------------------+----------------------------------------+


+------------------------------------------------------+
; General Register Statistics                          ;
+----------------------------------------------+-------+
; Statistic                                    ; Value ;
+----------------------------------------------+-------+
; Total registers                              ; 192   ;
; Number of registers using Synchronous Clear  ; 9     ;
; Number of registers using Synchronous Load   ; 0     ;
; Number of registers using Asynchronous Clear ; 0     ;
; Number of registers using Asynchronous Load  ; 0     ;
; Number of registers using Clock Enable       ; 151   ;
; Number of registers using Preset             ; 0     ;
+----------------------------------------------+-------+


+---------------------------------------------------+
; Inverted Register Statistics                      ;
+-----------------------------------------+---------+
; Inverted Register                       ; Fan out ;
+-----------------------------------------+---------+
; p2_y_reg[7]                             ; 2       ;
; p2_y_reg[6]                             ; 2       ;
; p2_y_reg[3]                             ; 2       ;
; p1_y_reg[7]                             ; 2       ;
; p1_y_reg[6]                             ; 2       ;
; p1_y_reg[3]                             ; 2       ;
; ball_x_reg[8]                           ; 2       ;
; ball_x_reg[6]                           ; 2       ;
; ball_y_reg[7]                           ; 2       ;
; ball_y_reg[6]                           ; 2       ;
; ball_y_reg[5]                           ; 2       ;
; ball_y_reg[4]                           ; 2       ;
; uart_rx_simple:u_rx|r_Rx_Data           ; 12      ;
; Total number of inverted registers = 13 ;         ;
+-----------------------------------------+---------+


+----------------------------------------------------------------------------------------------------------------------------------------------------------+
; Multiplexer Restructuring Statistics (Restructuring Performed)                                                                                           ;
+--------------------+-----------+---------------+----------------------+------------------------+------------+--------------------------------------------+
; Multiplexer Inputs ; Bus Width ; Baseline Area ; Area if Restructured ; Saving if Restructured ; Registered ; Example Multiplexer Output                 ;
+--------------------+-----------+---------------+----------------------+------------------------+------------+--------------------------------------------+
; 3:1                ; 4 bits    ; 8 LEs         ; 8 LEs                ; 0 LEs                  ; Yes        ; |FPGA|p1_y_reg[1]                          ;
; 3:1                ; 4 bits    ; 8 LEs         ; 8 LEs                ; 0 LEs                  ; Yes        ; |FPGA|p2_y_reg[2]                          ;
; 3:1                ; 6 bits    ; 12 LEs        ; 12 LEs               ; 0 LEs                  ; Yes        ; |FPGA|ball_x_reg[2]                        ;
; 3:1                ; 4 bits    ; 8 LEs         ; 8 LEs                ; 0 LEs                  ; Yes        ; |FPGA|ball_y_reg[2]                        ;
; 4:1                ; 4 bits    ; 8 LEs         ; 4 LEs                ; 4 LEs                  ; Yes        ; |FPGA|byte_idx[0]                          ;
; 7:1                ; 9 bits    ; 36 LEs        ; 9 LEs                ; 27 LEs                 ; Yes        ; |FPGA|uart_rx_simple:u_rx|r_Clock_Count[5] ;
; 3:1                ; 3 bits    ; 6 LEs         ; 6 LEs                ; 0 LEs                  ; No         ; |FPGA|uart_rx_simple:u_rx|r_Bit_Index      ;
+--------------------+-----------+---------------+----------------------+------------------------+------------+--------------------------------------------+


+------------------------------------------------------------------+
; Parameter Settings for User Entity Instance: uart_rx_simple:u_rx ;
+----------------+-------+-----------------------------------------+
; Parameter Name ; Value ; Type                                    ;
+----------------+-------+-----------------------------------------+
; CLKS_PER_BIT   ; 434   ; Signed Integer                          ;
+----------------+-------+-----------------------------------------+
Note: In order to hide this table in the UI and the text report file, please set the "Show Parameter Settings in Synthesis Report" option in "Analysis and Synthesis Settings -> More Settings" to "Off".


+-----------------------------------------------------+
; Post-Synthesis Netlist Statistics for Top Partition ;
+-----------------------+-----------------------------+
; Type                  ; Count                       ;
+-----------------------+-----------------------------+
; boundary_port         ; 26                          ;
; cycloneiii_ff         ; 192                         ;
;     ENA               ; 142                         ;
;     ENA SCLR          ; 9                           ;
;     plain             ; 41                          ;
; cycloneiii_lcell_comb ; 304                         ;
;     arith             ; 120                         ;
;         2 data inputs ; 49                          ;
;         3 data inputs ; 71                          ;
;     normal            ; 184                         ;
;         0 data inputs ; 5                           ;
;         1 data inputs ; 5                           ;
;         2 data inputs ; 25                          ;
;         3 data inputs ; 53                          ;
;         4 data inputs ; 96                          ;
;                       ;                             ;
; Max LUT depth         ; 6.00                        ;
; Average LUT depth     ; 3.56                        ;
+-----------------------+-----------------------------+


+-------------------------------+
; Elapsed Time Per Partition    ;
+----------------+--------------+
; Partition Name ; Elapsed Time ;
+----------------+--------------+
; Top            ; 00:00:00     ;
+----------------+--------------+


+-------------------------------+
; Analysis & Synthesis Messages ;
+-------------------------------+
Info: *******************************************************************
Info: Running Quartus Prime Analysis & Synthesis
    Info: Version 22.1std.0 Build 915 10/25/2022 SC Lite Edition
    Info: Processing started: Thu Dec  4 16:43:12 2025
Info: Command: quartus_map --read_settings_files=on --write_settings_files=off FPGA -c FPGA
Warning (18236): Number of processors has not been specified which may cause overloading on shared machines.  Set the global assignment NUM_PARALLEL_PROCESSORS in your QSF to an appropriate value for best performance.
Info (20030): Parallel compilation is enabled and will use 8 of the 8 processors detected
Info (12021): Found 3 design units, including 3 entities, in source file fpga.v
    Info (12023): Found entity 1: FPGA File: C:/Users/leest/Desktop/pong/ESP_COORD/FPGA/FPGA.v Line: 6
    Info (12023): Found entity 2: vga_sync_640x480_60 File: C:/Users/leest/Desktop/pong/ESP_COORD/FPGA/FPGA.v Line: 364
    Info (12023): Found entity 3: uart_rx_simple File: C:/Users/leest/Desktop/pong/ESP_COORD/FPGA/FPGA.v Line: 423
Info (12127): Elaborating entity "FPGA" for the top level hierarchy
Warning (10230): Verilog HDL assignment warning at FPGA.v(336): truncated value with size 32 to match size of target (4) File: C:/Users/leest/Desktop/pong/ESP_COORD/FPGA/FPGA.v Line: 336
Warning (10230): Verilog HDL assignment warning at FPGA.v(337): truncated value with size 32 to match size of target (4) File: C:/Users/leest/Desktop/pong/ESP_COORD/FPGA/FPGA.v Line: 337
Warning (10230): Verilog HDL assignment warning at FPGA.v(338): truncated value with size 32 to match size of target (4) File: C:/Users/leest/Desktop/pong/ESP_COORD/FPGA/FPGA.v Line: 338
Info (12128): Elaborating entity "vga_sync_640x480_60" for hierarchy "vga_sync_640x480_60:u_sync" File: C:/Users/leest/Desktop/pong/ESP_COORD/FPGA/FPGA.v Line: 43
Warning (10230): Verilog HDL assignment warning at FPGA.v(398): truncated value with size 32 to match size of target (10) File: C:/Users/leest/Desktop/pong/ESP_COORD/FPGA/FPGA.v Line: 398
Warning (10230): Verilog HDL assignment warning at FPGA.v(404): truncated value with size 32 to match size of target (10) File: C:/Users/leest/Desktop/pong/ESP_COORD/FPGA/FPGA.v Line: 404
Info (12128): Elaborating entity "uart_rx_simple" for hierarchy "uart_rx_simple:u_rx" File: C:/Users/leest/Desktop/pong/ESP_COORD/FPGA/FPGA.v Line: 63
Warning (10230): Verilog HDL assignment warning at FPGA.v(497): truncated value with size 32 to match size of target (9) File: C:/Users/leest/Desktop/pong/ESP_COORD/FPGA/FPGA.v Line: 497
Warning (10230): Verilog HDL assignment warning at FPGA.v(524): truncated value with size 32 to match size of target (3) File: C:/Users/leest/Desktop/pong/ESP_COORD/FPGA/FPGA.v Line: 524
Warning (10230): Verilog HDL assignment warning at FPGA.v(532): truncated value with size 32 to match size of target (9) File: C:/Users/leest/Desktop/pong/ESP_COORD/FPGA/FPGA.v Line: 532
Warning (10230): Verilog HDL assignment warning at FPGA.v(553): truncated value with size 32 to match size of target (9) File: C:/Users/leest/Desktop/pong/ESP_COORD/FPGA/FPGA.v Line: 553
Warning (13024): Output pins are stuck at VCC or GND
    Warning (13410): Pin "LEDR[8]" is stuck at GND File: C:/Users/leest/Desktop/pong/ESP_COORD/FPGA/FPGA.v Line: 15
    Warning (13410): Pin "LEDR[9]" is stuck at GND File: C:/Users/leest/Desktop/pong/ESP_COORD/FPGA/FPGA.v Line: 15
Info (286030): Timing-Driven Synthesis is running
Info (17049): 2 registers lost all their fanouts during netlist optimizations.
Info (16010): Generating hard_block partition "hard_block:auto_generated_inst"
    Info (16011): Adding 0 node(s), including 0 DDIO, 0 PLL, 0 transceiver and 0 LCELL
Info (21057): Implemented 430 device resources after synthesis - the final resource count might be different
    Info (21058): Implemented 2 input pins
    Info (21059): Implemented 24 output pins
    Info (21061): Implemented 404 logic cells
Info: Quartus Prime Analysis & Synthesis was successful. 0 errors, 13 warnings
    Info: Peak virtual memory: 4829 megabytes
    Info: Processing ended: Thu Dec  4 16:43:22 2025
    Info: Elapsed time: 00:00:10
    Info: Total CPU time (on all processors): 00:00:19


